  SAE_Crypto_cpp.cpp
D:\Vs\VC\Tools\MSVC\14.33.31629\include\xmemory(156,5): warning C4365: 'argument' : conversion de 'long' en 'unsigned int', incompatibilité signed/unsigned
D:\Vs\VC\Tools\MSVC\14.33.31629\include\xmemory(166,5): warning C4365: 'argument' : conversion de 'long' en 'unsigned int', incompatibilité signed/unsigned
D:\Vs\VC\Tools\MSVC\14.33.31629\include\atomic(206,9): warning C4365: 'argument' : conversion de 'long' en 'unsigned int', incompatibilité signed/unsigned
D:\Vs\VC\Tools\MSVC\14.33.31629\include\atomic(221,9): warning C4365: 'argument' : conversion de 'long' en 'unsigned int', incompatibilité signed/unsigned
D:\Vs\VC\Tools\MSVC\14.33.31629\include\atomic(237,9): warning C4365: 'argument' : conversion de 'long' en 'unsigned int', incompatibilité signed/unsigned
C:\Users\maxro\OneDrive\Cours\IUT\SAE\SAE_Crypto\SAE_Crypto\SAE_Crypto_cpp\SAE_Crypto_cpp.cpp(21,20): warning C4388: '<' : incompatibilité signed/unsigned
C:\Users\maxro\OneDrive\Cours\IUT\SAE\SAE_Crypto\SAE_Crypto\SAE_Crypto_cpp\SAE_Crypto_cpp.cpp(26,27): warning C4365: 'argument' : conversion de 'int' en 'const unsigned __int64', incompatibilité signed/unsigned
C:\Users\maxro\OneDrive\Cours\IUT\SAE\SAE_Crypto\SAE_Crypto\SAE_Crypto_cpp\SAE_Crypto_cpp.cpp(33,3): warning C4365: 'initialisation' : conversion de 'unsigned __int64' en 'int', incompatibilité signed/unsigned
C:\Users\maxro\OneDrive\Cours\IUT\SAE\SAE_Crypto\SAE_Crypto\SAE_Crypto_cpp\SAE_Crypto_cpp.cpp(46,20): warning C4388: '<' : incompatibilité signed/unsigned
C:\Users\maxro\OneDrive\Cours\IUT\SAE\SAE_Crypto\SAE_Crypto\SAE_Crypto_cpp\SAE_Crypto_cpp.cpp(49,21): warning C4388: '<' : incompatibilité signed/unsigned
C:\Users\maxro\OneDrive\Cours\IUT\SAE\SAE_Crypto\SAE_Crypto\SAE_Crypto_cpp\SAE_Crypto_cpp.cpp(52,22): warning C4388: '<' : incompatibilité signed/unsigned
C:\Users\maxro\OneDrive\Cours\IUT\SAE\SAE_Crypto\SAE_Crypto\SAE_Crypto_cpp\SAE_Crypto_cpp.cpp(54,19): warning C4365: 'argument' : conversion de 'int' en 'const unsigned __int64', incompatibilité signed/unsigned
C:\Users\maxro\OneDrive\Cours\IUT\SAE\SAE_Crypto\SAE_Crypto\SAE_Crypto_cpp\SAE_Crypto_cpp.cpp(54,22): warning C4365: 'argument' : conversion de 'int' en 'const unsigned __int64', incompatibilité signed/unsigned
C:\Users\maxro\OneDrive\Cours\IUT\SAE\SAE_Crypto\SAE_Crypto\SAE_Crypto_cpp\SAE_Crypto_cpp.cpp(54,34): warning C4365: 'argument' : conversion de 'int' en 'const unsigned __int64', incompatibilité signed/unsigned
C:\Users\maxro\OneDrive\Cours\IUT\SAE\SAE_Crypto\SAE_Crypto\SAE_Crypto_cpp\SAE_Crypto_cpp.cpp(54,37): warning C4365: 'argument' : conversion de 'int' en 'const unsigned __int64', incompatibilité signed/unsigned
C:\Users\maxro\OneDrive\Cours\IUT\SAE\SAE_Crypto\SAE_Crypto\SAE_Crypto_cpp\SAE_Crypto_cpp.cpp(78,20): warning C4388: '<' : incompatibilité signed/unsigned
C:\Users\maxro\OneDrive\Cours\IUT\SAE\SAE_Crypto\SAE_Crypto\SAE_Crypto_cpp\SAE_Crypto_cpp.cpp(80,30): warning C4365: 'argument' : conversion de 'int' en 'const unsigned __int64', incompatibilité signed/unsigned
C:\Users\maxro\OneDrive\Cours\IUT\SAE\SAE_Crypto\SAE_Crypto\SAE_Crypto_cpp\SAE_Crypto_cpp.cpp(80,21): warning C4388: '<' : incompatibilité signed/unsigned
C:\Users\maxro\OneDrive\Cours\IUT\SAE\SAE_Crypto\SAE_Crypto\SAE_Crypto_cpp\SAE_Crypto_cpp.cpp(82,28): warning C4365: 'argument' : conversion de 'int' en 'const unsigned __int64', incompatibilité signed/unsigned
C:\Users\maxro\OneDrive\Cours\IUT\SAE\SAE_Crypto\SAE_Crypto\SAE_Crypto_cpp\SAE_Crypto_cpp.cpp(82,31): warning C4365: 'argument' : conversion de 'int' en 'const unsigned __int64', incompatibilité signed/unsigned
C:\Users\maxro\OneDrive\Cours\IUT\SAE\SAE_Crypto\SAE_Crypto\SAE_Crypto_cpp\SAE_Crypto_cpp.cpp(93,20): warning C4388: '<' : incompatibilité signed/unsigned
C:\Users\maxro\OneDrive\Cours\IUT\SAE\SAE_Crypto\SAE_Crypto\SAE_Crypto_cpp\SAE_Crypto_cpp.cpp(95,22): warning C4365: 'argument' : conversion de 'int' en 'const unsigned __int64', incompatibilité signed/unsigned
C:\Users\maxro\OneDrive\Cours\IUT\SAE\SAE_Crypto\SAE_Crypto\SAE_Crypto_cpp\SAE_Crypto_cpp.cpp(103,13): warning C4244: 'return' : conversion de 'int' en 'char', perte possible de données
C:\Users\maxro\OneDrive\Cours\IUT\SAE\SAE_Crypto\SAE_Crypto\SAE_Crypto_cpp\SAE_Crypto_cpp.cpp(107,67): warning C4100: 'end' : paramètre formel non référencé
C:\Users\maxro\OneDrive\Cours\IUT\SAE\SAE_Crypto\SAE_Crypto\SAE_Crypto_cpp\SAE_Crypto_cpp.cpp(107,52): warning C4100: 'start' : paramètre formel non référencé
C:\Users\maxro\OneDrive\Cours\IUT\SAE\SAE_Crypto\SAE_Crypto\SAE_Crypto_cpp\SAE_Crypto_cpp.cpp(156,20): warning C4388: '<' : incompatibilité signed/unsigned
C:\Users\maxro\OneDrive\Cours\IUT\SAE\SAE_Crypto\SAE_Crypto\SAE_Crypto_cpp\SAE_Crypto_cpp.cpp(158,76): warning C4365: 'argument' : conversion de 'int' en 'const unsigned __int64', incompatibilité signed/unsigned
C:\Users\maxro\OneDrive\Cours\IUT\SAE\SAE_Crypto\SAE_Crypto\SAE_Crypto_cpp\SAE_Crypto_cpp.cpp(161,21): warning C4388: '<' : incompatibilité signed/unsigned
C:\Users\maxro\OneDrive\Cours\IUT\SAE\SAE_Crypto\SAE_Crypto\SAE_Crypto_cpp\SAE_Crypto_cpp.cpp(163,32): warning C4365: 'argument' : conversion de 'int' en 'const unsigned __int64', incompatibilité signed/unsigned
C:\Users\maxro\OneDrive\Cours\IUT\SAE\SAE_Crypto\SAE_Crypto\SAE_Crypto_cpp\SAE_Crypto_cpp.cpp(172,13): warning C4326: le type de retour de 'main' doit être 'int' au lieu de 'void'
C:\Users\maxro\OneDrive\Cours\IUT\SAE\SAE_Crypto\SAE_Crypto\SAE_Crypto_cpp\SAE_Crypto_cpp.cpp(198,20): warning C4388: '<' : incompatibilité signed/unsigned
C:\Users\maxro\OneDrive\Cours\IUT\SAE\SAE_Crypto\SAE_Crypto\SAE_Crypto_cpp\SAE_Crypto_cpp.cpp(200,25): warning C4365: 'argument' : conversion de 'int' en 'const unsigned __int64', incompatibilité signed/unsigned
C:\Users\maxro\OneDrive\Cours\IUT\SAE\SAE_Crypto\SAE_Crypto\SAE_Crypto_cpp\SAE_Crypto_cpp.cpp(231,20): warning C4388: '<' : incompatibilité signed/unsigned
C:\Users\maxro\OneDrive\Cours\IUT\SAE\SAE_Crypto\SAE_Crypto\SAE_Crypto_cpp\SAE_Crypto_cpp.cpp(233,26): warning C4365: 'argument' : conversion de 'int' en 'const unsigned __int64', incompatibilité signed/unsigned
C:\Users\maxro\OneDrive\Cours\IUT\SAE\SAE_Crypto\SAE_Crypto\SAE_Crypto_cpp\SAE_Crypto_cpp.cpp(95): warning C5045: Le compilateur va insérer l'atténuation Spectre pour la charge de mémoire si le commutateur /Qspectre est spécifié
  C:\Users\maxro\OneDrive\Cours\IUT\SAE\SAE_Crypto\SAE_Crypto\SAE_Crypto_cpp\SAE_Crypto_cpp.cpp(93) : remarque : plage '' de l'index vérifiée par comparaison sur cette ligne
  C:\Users\maxro\OneDrive\Cours\IUT\SAE\SAE_Crypto\SAE_Crypto\SAE_Crypto_cpp\SAE_Crypto_cpp.cpp(95) : remarque : alimente l'appel sur cette ligne
C:\Users\maxro\OneDrive\Cours\IUT\SAE\SAE_Crypto\SAE_Crypto\SAE_Crypto_cpp\SAE_Crypto_cpp.cpp(54): warning C5045: Le compilateur va insérer l'atténuation Spectre pour la charge de mémoire si le commutateur /Qspectre est spécifié
  C:\Users\maxro\OneDrive\Cours\IUT\SAE\SAE_Crypto\SAE_Crypto\SAE_Crypto_cpp\SAE_Crypto_cpp.cpp(52) : remarque : plage '' de l'index vérifiée par comparaison sur cette ligne
  C:\Users\maxro\OneDrive\Cours\IUT\SAE\SAE_Crypto\SAE_Crypto\SAE_Crypto_cpp\SAE_Crypto_cpp.cpp(54) : remarque : alimente l'appel sur cette ligne
C:\Users\maxro\OneDrive\Cours\IUT\SAE\SAE_Crypto\SAE_Crypto\SAE_Crypto_cpp\SAE_Crypto_cpp.cpp(158): warning C5045: Le compilateur va insérer l'atténuation Spectre pour la charge de mémoire si le commutateur /Qspectre est spécifié
  C:\Users\maxro\OneDrive\Cours\IUT\SAE\SAE_Crypto\SAE_Crypto\SAE_Crypto_cpp\SAE_Crypto_cpp.cpp(156) : remarque : plage '' de l'index vérifiée par comparaison sur cette ligne
  C:\Users\maxro\OneDrive\Cours\IUT\SAE\SAE_Crypto\SAE_Crypto\SAE_Crypto_cpp\SAE_Crypto_cpp.cpp(158) : remarque : alimente l'appel sur cette ligne
C:\Users\maxro\OneDrive\Cours\IUT\SAE\SAE_Crypto\SAE_Crypto\SAE_Crypto_cpp\SAE_Crypto_cpp.cpp(233): warning C5045: Le compilateur va insérer l'atténuation Spectre pour la charge de mémoire si le commutateur /Qspectre est spécifié
  C:\Users\maxro\OneDrive\Cours\IUT\SAE\SAE_Crypto\SAE_Crypto\SAE_Crypto_cpp\SAE_Crypto_cpp.cpp(231) : remarque : plage '' de l'index vérifiée par comparaison sur cette ligne
  C:\Users\maxro\OneDrive\Cours\IUT\SAE\SAE_Crypto\SAE_Crypto\SAE_Crypto_cpp\SAE_Crypto_cpp.cpp(233) : remarque : alimente l'appel sur cette ligne
C:\Users\maxro\OneDrive\Cours\IUT\SAE\SAE_Crypto\SAE_Crypto\SAE_Crypto_cpp\SAE_Crypto_cpp.cpp(200): warning C5045: Le compilateur va insérer l'atténuation Spectre pour la charge de mémoire si le commutateur /Qspectre est spécifié
  C:\Users\maxro\OneDrive\Cours\IUT\SAE\SAE_Crypto\SAE_Crypto\SAE_Crypto_cpp\SAE_Crypto_cpp.cpp(198) : remarque : plage '' de l'index vérifiée par comparaison sur cette ligne
  C:\Users\maxro\OneDrive\Cours\IUT\SAE\SAE_Crypto\SAE_Crypto\SAE_Crypto_cpp\SAE_Crypto_cpp.cpp(200) : remarque : alimente l'appel sur cette ligne
  SAE_Crypto_cpp.vcxproj -> C:\Users\maxro\OneDrive\Cours\IUT\SAE\SAE_Crypto\SAE_Crypto\SAE_Crypto_cpp\x64\Debug\SAE_Crypto_cpp.exe
